<?xml version="1.0" encoding="UTF-8" standalone="no"?>
<!DOCTYPE log SYSTEM "logger.dtd">
<log>
<record>
  <date>2020-06-16T23:09:13</date>
  <millis>1592323753693</millis>
  <sequence>0</sequence>
  <level>START</level>
  <class>com.kms.katalon.core.logging.XmlKeywordLogger</class>
  <method>startSuite</method>
  <thread>1</thread>
  <message>Start Test Suite : Test Suites/DBD Usecase/Usecase1</message>
  <nestedLevel>0</nestedLevel>
  <property name="name">Usecase1</property>
  <property name="description"></property>
  <property name="id">Test Suites/DBD Usecase/Usecase1</property>
</record>
<record>
  <date>2020-06-16T23:09:13</date>
  <millis>1592323753706</millis>
  <sequence>1</sequence>
  <level>RUN_DATA</level>
  <class>com.kms.katalon.core.logging.XmlKeywordLogger</class>
  <method>logMessage</method>
  <thread>1</thread>
  <message>hostName = WIN10 - DESKTOP-0NVCT6K</message>
  <nestedLevel>0</nestedLevel>
  <property name="hostName">WIN10 - DESKTOP-0NVCT6K</property>
</record>
<record>
  <date>2020-06-16T23:09:13</date>
  <millis>1592323753706</millis>
  <sequence>2</sequence>
  <level>RUN_DATA</level>
  <class>com.kms.katalon.core.logging.XmlKeywordLogger</class>
  <method>logMessage</method>
  <thread>1</thread>
  <message>os = Windows 10 64bit</message>
  <nestedLevel>0</nestedLevel>
  <property name="os">Windows 10 64bit</property>
</record>
<record>
  <date>2020-06-16T23:09:13</date>
  <millis>1592323753706</millis>
  <sequence>3</sequence>
  <level>RUN_DATA</level>
  <class>com.kms.katalon.core.logging.XmlKeywordLogger</class>
  <method>logMessage</method>
  <thread>1</thread>
  <message>hostAddress = 192.168.1.2</message>
  <nestedLevel>0</nestedLevel>
  <property name="hostAddress">192.168.1.2</property>
</record>
<record>
  <date>2020-06-16T23:09:13</date>
  <millis>1592323753707</millis>
  <sequence>4</sequence>
  <level>RUN_DATA</level>
  <class>com.kms.katalon.core.logging.XmlKeywordLogger</class>
  <method>logMessage</method>
  <thread>1</thread>
  <message>katalonVersion = 7.5.2.1</message>
  <nestedLevel>0</nestedLevel>
  <property name="katalonVersion">7.5.2.1</property>
</record>
<record>
  <date>2020-06-16T23:09:13</date>
  <millis>1592323753875</millis>
  <sequence>5</sequence>
  <level>START</level>
  <class>com.kms.katalon.core.logging.XmlKeywordLogger</class>
  <method>startTest</method>
  <thread>1</thread>
  <message>Start Test Case : Test Cases/DBD Test Case/1</message>
  <nestedLevel>1</nestedLevel>
  <property name="name">Test Cases/DBD Test Case/1</property>
  <property name="description"></property>
  <property name="id">Test Cases/DBD Test Case/1</property>
  <property name="source">C:\\Users\\WIN10\\git\\DBDcompanies-test\\Test Cases\\DBD Test Case\\1.tc</property>
  <property name="tag"></property>
  <property name="isOptional">false</property>
</record>
<record>
  <date>2020-06-16T23:09:14</date>
  <millis>1592323754177</millis>
  <sequence>7</sequence>
  <level>START</level>
  <class>com.kms.katalon.core.logging.XmlKeywordLogger</class>
  <method>startKeyword</method>
  <thread>1</thread>
  <message>Start action : openBrowser(\&amp;quot;http://crmc.opencloud.digital:64216/index.php\&amp;quot;)</message>
  <nestedLevel>1</nestedLevel>
  <property name="startLine">18</property>
  <property name="stepIndex">1</property>
</record>
<record>
  <date>2020-06-16T23:09:14</date>
  <millis>1592323754468</millis>
  <sequence>9</sequence>
  <level>INFO</level>
  <class>com.kms.katalon.core.logging.XmlKeywordLogger</class>
  <method>logMessage</method>
  <thread>1</thread>
  <message>Starting &amp;apos;Chrome&amp;apos; driver</message>
  <nestedLevel>1</nestedLevel>
</record>
<record>
  <date>2020-06-16T23:09:14</date>
  <millis>1592323754510</millis>
  <sequence>11</sequence>
  <level>INFO</level>
  <class>com.kms.katalon.core.logging.XmlKeywordLogger</class>
  <method>logMessage</method>
  <thread>1</thread>
  <message>Action delay is set to 0 milliseconds</message>
  <nestedLevel>1</nestedLevel>
</record>
<record>
  <date>2020-06-16T23:09:18</date>
  <millis>1592323758361</millis>
  <sequence>13</sequence>
  <level>RUN_DATA</level>
  <class>com.kms.katalon.core.logging.XmlKeywordLogger</class>
  <method>logMessage</method>
  <thread>1</thread>
  <message>sessionId = d3686d5a89b32ee65e1556142192bb94</message>
  <nestedLevel>1</nestedLevel>
  <property name="sessionId">d3686d5a89b32ee65e1556142192bb94</property>
</record>
<record>
  <date>2020-06-16T23:09:18</date>
  <millis>1592323758377</millis>
  <sequence>14</sequence>
  <level>RUN_DATA</level>
  <class>com.kms.katalon.core.logging.XmlKeywordLogger</class>
  <method>logMessage</method>
  <thread>1</thread>
  <message>browser = Chrome 83.0.4103.97</message>
  <nestedLevel>1</nestedLevel>
  <property name="browser">Chrome 83.0.4103.97</property>
</record>
<record>
  <date>2020-06-16T23:09:18</date>
  <millis>1592323758378</millis>
  <sequence>15</sequence>
  <level>RUN_DATA</level>
  <class>com.kms.katalon.core.logging.XmlKeywordLogger</class>
  <method>logMessage</method>
  <thread>1</thread>
  <message>platform = Windows 10</message>
  <nestedLevel>1</nestedLevel>
  <property name="platform">Windows 10</property>
</record>
<record>
  <date>2020-06-16T23:09:18</date>
  <millis>1592323758378</millis>
  <sequence>16</sequence>
  <level>RUN_DATA</level>
  <class>com.kms.katalon.core.logging.XmlKeywordLogger</class>
  <method>logMessage</method>
  <thread>1</thread>
  <message>seleniumVersion = 3.141.59</message>
  <nestedLevel>1</nestedLevel>
  <property name="seleniumVersion">3.141.59</property>
</record>
<record>
  <date>2020-06-16T23:09:18</date>
  <millis>1592323758379</millis>
  <sequence>17</sequence>
  <level>RUN_DATA</level>
  <class>com.kms.katalon.core.logging.XmlKeywordLogger</class>
  <method>logMessage</method>
  <thread>1</thread>
  <message>proxyInformation = ProxyInformation { proxyOption=NO_PROXY, proxyServerType=HTTP, username=, password=********, proxyServerAddress=, proxyServerPort=0, executionList=\&amp;quot;\&amp;quot;, isApplyToDesiredCapabilities=true }</message>
  <nestedLevel>1</nestedLevel>
  <property name="proxyInformation">ProxyInformation { proxyOption=NO_PROXY, proxyServerType=HTTP, username=, password=********, proxyServerAddress=, proxyServerPort=0, executionList=\&quot;\&quot;, isApplyToDesiredCapabilities=true }</property>
</record>
<record>
  <date>2020-06-16T23:09:19</date>
  <millis>1592323759218</millis>
  <sequence>19</sequence>
  <level>PASSED</level>
  <class>com.kms.katalon.core.logging.XmlKeywordLogger</class>
  <method>logMessage</method>
  <thread>1</thread>
  <message>Browser is opened with url: &amp;apos;http://crmc.opencloud.digital:64216/index.php&amp;apos;</message>
  <nestedLevel>1</nestedLevel>
</record>
<record>
  <date>2020-06-16T23:09:19</date>
  <millis>1592323759218</millis>
  <sequence>20</sequence>
  <level>END</level>
  <class>com.kms.katalon.core.logging.XmlKeywordLogger</class>
  <method>endKeyword</method>
  <thread>1</thread>
  <message>End action : openBrowser(\&amp;quot;http://crmc.opencloud.digital:64216/index.php\&amp;quot;)</message>
  <nestedLevel>1</nestedLevel>
</record>
<record>
  <date>2020-06-16T23:09:19</date>
  <millis>1592323759218</millis>
  <sequence>21</sequence>
  <level>START</level>
  <class>com.kms.katalon.core.logging.XmlKeywordLogger</class>
  <method>startKeyword</method>
  <thread>1</thread>
  <message>Start action : setText(findTestObject(\&amp;quot;1/Page_Users/Username\&amp;quot;), findTestData(\&amp;quot;DBD Test Data/D1\&amp;quot;).getValue(1, 1))</message>
  <nestedLevel>1</nestedLevel>
  <property name="startLine">20</property>
  <property name="stepIndex">2</property>
</record>
<record>
  <date>2020-06-16T23:09:20</date>
  <millis>1592323760197</millis>
  <sequence>40</sequence>
  <level>PASSED</level>
  <class>com.kms.katalon.core.logging.XmlKeywordLogger</class>
  <method>logMessage</method>
  <thread>1</thread>
  <message>Text &amp;apos;admin&amp;apos; is set on object &amp;apos;Object Repository/1/Page_Users/Username&amp;apos;</message>
  <nestedLevel>1</nestedLevel>
</record>
<record>
  <date>2020-06-16T23:09:20</date>
  <millis>1592323760198</millis>
  <sequence>41</sequence>
  <level>END</level>
  <class>com.kms.katalon.core.logging.XmlKeywordLogger</class>
  <method>endKeyword</method>
  <thread>1</thread>
  <message>End action : setText(findTestObject(\&amp;quot;1/Page_Users/Username\&amp;quot;), findTestData(\&amp;quot;DBD Test Data/D1\&amp;quot;).getValue(1, 1))</message>
  <nestedLevel>1</nestedLevel>
</record>
<record>
  <date>2020-06-16T23:09:20</date>
  <millis>1592323760198</millis>
  <sequence>42</sequence>
  <level>START</level>
  <class>com.kms.katalon.core.logging.XmlKeywordLogger</class>
  <method>startKeyword</method>
  <thread>1</thread>
  <message>Start action : setText(findTestObject(\&amp;quot;1/Page_Users/Password\&amp;quot;), findTestData(\&amp;quot;DBD Test Data/D1\&amp;quot;).getValue(2, 1))</message>
  <nestedLevel>1</nestedLevel>
  <property name="startLine">22</property>
  <property name="stepIndex">3</property>
</record>
<record>
  <date>2020-06-16T23:09:20</date>
  <millis>1592323760822</millis>
  <sequence>61</sequence>
  <level>PASSED</level>
  <class>com.kms.katalon.core.logging.XmlKeywordLogger</class>
  <method>logMessage</method>
  <thread>1</thread>
  <message>Text &amp;apos;1qaz2WSX3edc &amp;apos; is set on object &amp;apos;Object Repository/1/Page_Users/Password&amp;apos;</message>
  <nestedLevel>1</nestedLevel>
</record>
<record>
  <date>2020-06-16T23:09:20</date>
  <millis>1592323760822</millis>
  <sequence>62</sequence>
  <level>END</level>
  <class>com.kms.katalon.core.logging.XmlKeywordLogger</class>
  <method>endKeyword</method>
  <thread>1</thread>
  <message>End action : setText(findTestObject(\&amp;quot;1/Page_Users/Password\&amp;quot;), findTestData(\&amp;quot;DBD Test Data/D1\&amp;quot;).getValue(2, 1))</message>
  <nestedLevel>1</nestedLevel>
</record>
<record>
  <date>2020-06-16T23:09:20</date>
  <millis>1592323760822</millis>
  <sequence>63</sequence>
  <level>START</level>
  <class>com.kms.katalon.core.logging.XmlKeywordLogger</class>
  <method>startKeyword</method>
  <thread>1</thread>
  <message>Start action : click(findTestObject(\&amp;quot;1/Page_Users/Sign in\&amp;quot;))</message>
  <nestedLevel>1</nestedLevel>
  <property name="startLine">24</property>
  <property name="stepIndex">4</property>
</record>
<record>
  <date>2020-06-16T23:09:22</date>
  <millis>1592323762318</millis>
  <sequence>72</sequence>
  <level>PASSED</level>
  <class>com.kms.katalon.core.logging.XmlKeywordLogger</class>
  <method>logMessage</method>
  <thread>1</thread>
  <message>Object: &amp;apos;Object Repository/1/Page_Users/Sign in&amp;apos; is clicked on</message>
  <nestedLevel>1</nestedLevel>
</record>
<record>
  <date>2020-06-16T23:09:22</date>
  <millis>1592323762318</millis>
  <sequence>73</sequence>
  <level>END</level>
  <class>com.kms.katalon.core.logging.XmlKeywordLogger</class>
  <method>endKeyword</method>
  <thread>1</thread>
  <message>End action : click(findTestObject(\&amp;quot;1/Page_Users/Sign in\&amp;quot;))</message>
  <nestedLevel>1</nestedLevel>
</record>
<record>
  <date>2020-06-16T23:09:22</date>
  <millis>1592323762318</millis>
  <sequence>74</sequence>
  <level>PASSED</level>
  <class>com.kms.katalon.core.logging.XmlKeywordLogger</class>
  <method>logMessage</method>
  <thread>1</thread>
  <message>Test Cases/DBD Test Case/1</message>
  <nestedLevel>1</nestedLevel>
</record>
<record>
  <date>2020-06-16T23:09:22</date>
  <millis>1592323762318</millis>
  <sequence>75</sequence>
  <level>END</level>
  <class>com.kms.katalon.core.logging.XmlKeywordLogger</class>
  <method>endTest</method>
  <thread>1</thread>
  <message>End Test Case : Test Cases/DBD Test Case/1</message>
  <nestedLevel>0</nestedLevel>
</record>
<record>
  <date>2020-06-16T23:09:22</date>
  <millis>1592323762323</millis>
  <sequence>76</sequence>
  <level>START</level>
  <class>com.kms.katalon.core.logging.XmlKeywordLogger</class>
  <method>startTest</method>
  <thread>1</thread>
  <message>Start Test Case : Test Cases/DBD Test Case/2</message>
  <nestedLevel>1</nestedLevel>
  <property name="name">Test Cases/DBD Test Case/2</property>
  <property name="description"></property>
  <property name="id">Test Cases/DBD Test Case/2</property>
  <property name="source">C:\\Users\\WIN10\\git\\DBDcompanies-test\\Test Cases\\DBD Test Case\\2.tc</property>
  <property name="tag"></property>
  <property name="isOptional">false</property>
</record>
<record>
  <date>2020-06-16T23:09:22</date>
  <millis>1592323762535</millis>
  <sequence>78</sequence>
  <level>START</level>
  <class>com.kms.katalon.core.logging.XmlKeywordLogger</class>
  <method>startKeyword</method>
  <thread>1</thread>
  <message>Start action : click(findTestObject(\&amp;quot;Page_Home/DBD Companies\&amp;quot;))</message>
  <nestedLevel>1</nestedLevel>
  <property name="startLine">19</property>
  <property name="stepIndex">1</property>
</record>
<record>
  <date>2020-06-16T23:09:29</date>
  <millis>1592323769288</millis>
  <sequence>87</sequence>
  <level>PASSED</level>
  <class>com.kms.katalon.core.logging.XmlKeywordLogger</class>
  <method>logMessage</method>
  <thread>1</thread>
  <message>Object: &amp;apos;Object Repository/Page_Home/DBD Companies&amp;apos; is clicked on</message>
  <nestedLevel>1</nestedLevel>
</record>
<record>
  <date>2020-06-16T23:09:29</date>
  <millis>1592323769289</millis>
  <sequence>88</sequence>
  <level>END</level>
  <class>com.kms.katalon.core.logging.XmlKeywordLogger</class>
  <method>endKeyword</method>
  <thread>1</thread>
  <message>End action : click(findTestObject(\&amp;quot;Page_Home/DBD Companies\&amp;quot;))</message>
  <nestedLevel>1</nestedLevel>
</record>
<record>
  <date>2020-06-16T23:09:29</date>
  <millis>1592323769290</millis>
  <sequence>89</sequence>
  <level>START</level>
  <class>com.kms.katalon.core.logging.XmlKeywordLogger</class>
  <method>startKeyword</method>
  <thread>1</thread>
  <message>Start action : click(findTestObject(\&amp;quot;Page_DBDCompanies/Add DBDCompany\&amp;quot;))</message>
  <nestedLevel>1</nestedLevel>
  <property name="startLine">21</property>
  <property name="stepIndex">2</property>
</record>
<record>
  <date>2020-06-16T23:09:30</date>
  <millis>1592323770622</millis>
  <sequence>98</sequence>
  <level>PASSED</level>
  <class>com.kms.katalon.core.logging.XmlKeywordLogger</class>
  <method>logMessage</method>
  <thread>1</thread>
  <message>Object: &amp;apos;Object Repository/Page_DBDCompanies/Add DBDCompany&amp;apos; is clicked on</message>
  <nestedLevel>1</nestedLevel>
</record>
<record>
  <date>2020-06-16T23:09:30</date>
  <millis>1592323770622</millis>
  <sequence>99</sequence>
  <level>END</level>
  <class>com.kms.katalon.core.logging.XmlKeywordLogger</class>
  <method>endKeyword</method>
  <thread>1</thread>
  <message>End action : click(findTestObject(\&amp;quot;Page_DBDCompanies/Add DBDCompany\&amp;quot;))</message>
  <nestedLevel>1</nestedLevel>
</record>
<record>
  <date>2020-06-16T23:09:30</date>
  <millis>1592323770622</millis>
  <sequence>100</sequence>
  <level>START</level>
  <class>com.kms.katalon.core.logging.XmlKeywordLogger</class>
  <method>startKeyword</method>
  <thread>1</thread>
  <message>Start action : setText(findTestObject(\&amp;quot;Page_DBDCompanies/Registration Number\&amp;quot;), findTestData(\&amp;quot;DBD Test Data/D2\&amp;quot;).getValue(1, 1))</message>
  <nestedLevel>1</nestedLevel>
  <property name="startLine">23</property>
  <property name="stepIndex">3</property>
</record>
<record>
  <date>2020-06-16T23:09:31</date>
  <millis>1592323771688</millis>
  <sequence>119</sequence>
  <level>PASSED</level>
  <class>com.kms.katalon.core.logging.XmlKeywordLogger</class>
  <method>logMessage</method>
  <thread>1</thread>
  <message>Text &amp;apos;2111400&amp;apos; is set on object &amp;apos;Object Repository/Page_DBDCompanies/Registration Number&amp;apos;</message>
  <nestedLevel>1</nestedLevel>
</record>
<record>
  <date>2020-06-16T23:09:31</date>
  <millis>1592323771689</millis>
  <sequence>120</sequence>
  <level>END</level>
  <class>com.kms.katalon.core.logging.XmlKeywordLogger</class>
  <method>endKeyword</method>
  <thread>1</thread>
  <message>End action : setText(findTestObject(\&amp;quot;Page_DBDCompanies/Registration Number\&amp;quot;), findTestData(\&amp;quot;DBD Test Data/D2\&amp;quot;).getValue(1, 1))</message>
  <nestedLevel>1</nestedLevel>
</record>
<record>
  <date>2020-06-16T23:09:31</date>
  <millis>1592323771689</millis>
  <sequence>121</sequence>
  <level>START</level>
  <class>com.kms.katalon.core.logging.XmlKeywordLogger</class>
  <method>startKeyword</method>
  <thread>1</thread>
  <message>Start action : setText(findTestObject(\&amp;quot;Page_DBDCompanies/Company Name\&amp;quot;), findTestData(\&amp;quot;DBD Test Data/D2\&amp;quot;).getValue(2, 1))</message>
  <nestedLevel>1</nestedLevel>
  <property name="startLine">25</property>
  <property name="stepIndex">4</property>
</record>
<record>
  <date>2020-06-16T23:09:32</date>
  <millis>1592323772403</millis>
  <sequence>140</sequence>
  <level>PASSED</level>
  <class>com.kms.katalon.core.logging.XmlKeywordLogger</class>
  <method>logMessage</method>
  <thread>1</thread>
  <message>Text &amp;apos;Sunjido Co. Ltd.&amp;apos; is set on object &amp;apos;Object Repository/Page_DBDCompanies/Company Name&amp;apos;</message>
  <nestedLevel>1</nestedLevel>
</record>
<record>
  <date>2020-06-16T23:09:32</date>
  <millis>1592323772403</millis>
  <sequence>141</sequence>
  <level>END</level>
  <class>com.kms.katalon.core.logging.XmlKeywordLogger</class>
  <method>endKeyword</method>
  <thread>1</thread>
  <message>End action : setText(findTestObject(\&amp;quot;Page_DBDCompanies/Company Name\&amp;quot;), findTestData(\&amp;quot;DBD Test Data/D2\&amp;quot;).getValue(2, 1))</message>
  <nestedLevel>1</nestedLevel>
</record>
<record>
  <date>2020-06-16T23:09:32</date>
  <millis>1592323772404</millis>
  <sequence>142</sequence>
  <level>START</level>
  <class>com.kms.katalon.core.logging.XmlKeywordLogger</class>
  <method>startKeyword</method>
  <thread>1</thread>
  <message>Start action : setText(findTestObject(\&amp;quot;Page_DBDCompanies/Registration Date\&amp;quot;), findTestData(\&amp;quot;DBD Test Data/D2\&amp;quot;).getValue(3, 1))</message>
  <nestedLevel>1</nestedLevel>
  <property name="startLine">27</property>
  <property name="stepIndex">5</property>
</record>
<record>
  <date>2020-06-16T23:09:33</date>
  <millis>1592323773098</millis>
  <sequence>161</sequence>
  <level>PASSED</level>
  <class>com.kms.katalon.core.logging.XmlKeywordLogger</class>
  <method>logMessage</method>
  <thread>1</thread>
  <message>Text &amp;apos;01/01/2020&amp;apos; is set on object &amp;apos;Object Repository/Page_DBDCompanies/Registration Date&amp;apos;</message>
  <nestedLevel>1</nestedLevel>
</record>
<record>
  <date>2020-06-16T23:09:33</date>
  <millis>1592323773098</millis>
  <sequence>162</sequence>
  <level>END</level>
  <class>com.kms.katalon.core.logging.XmlKeywordLogger</class>
  <method>endKeyword</method>
  <thread>1</thread>
  <message>End action : setText(findTestObject(\&amp;quot;Page_DBDCompanies/Registration Date\&amp;quot;), findTestData(\&amp;quot;DBD Test Data/D2\&amp;quot;).getValue(3, 1))</message>
  <nestedLevel>1</nestedLevel>
</record>
<record>
  <date>2020-06-16T23:09:33</date>
  <millis>1592323773098</millis>
  <sequence>163</sequence>
  <level>START</level>
  <class>com.kms.katalon.core.logging.XmlKeywordLogger</class>
  <method>startKeyword</method>
  <thread>1</thread>
  <message>Start action : click(findTestObject(\&amp;quot;Page_DBDCompanies/Created By1\&amp;quot;))</message>
  <nestedLevel>1</nestedLevel>
  <property name="startLine">29</property>
  <property name="stepIndex">6</property>
</record>
<record>
  <date>2020-06-16T23:09:33</date>
  <millis>1592323773595</millis>
  <sequence>172</sequence>
  <level>PASSED</level>
  <class>com.kms.katalon.core.logging.XmlKeywordLogger</class>
  <method>logMessage</method>
  <thread>1</thread>
  <message>Object: &amp;apos;Object Repository/Page_DBDCompanies/Created By1&amp;apos; is clicked on</message>
  <nestedLevel>1</nestedLevel>
</record>
<record>
  <date>2020-06-16T23:09:33</date>
  <millis>1592323773596</millis>
  <sequence>173</sequence>
  <level>END</level>
  <class>com.kms.katalon.core.logging.XmlKeywordLogger</class>
  <method>endKeyword</method>
  <thread>1</thread>
  <message>End action : click(findTestObject(\&amp;quot;Page_DBDCompanies/Created By1\&amp;quot;))</message>
  <nestedLevel>1</nestedLevel>
</record>
<record>
  <date>2020-06-16T23:09:33</date>
  <millis>1592323773596</millis>
  <sequence>174</sequence>
  <level>START</level>
  <class>com.kms.katalon.core.logging.XmlKeywordLogger</class>
  <method>startKeyword</method>
  <thread>1</thread>
  <message>Start action : click(findTestObject(\&amp;quot;Page_DBDCompanies/Created By1\&amp;quot;))</message>
  <nestedLevel>1</nestedLevel>
  <property name="startLine">31</property>
  <property name="stepIndex">7</property>
</record>
<record>
  <date>2020-06-16T23:09:34</date>
  <millis>1592323774161</millis>
  <sequence>183</sequence>
  <level>PASSED</level>
  <class>com.kms.katalon.core.logging.XmlKeywordLogger</class>
  <method>logMessage</method>
  <thread>1</thread>
  <message>Object: &amp;apos;Object Repository/Page_DBDCompanies/Created By1&amp;apos; is clicked on</message>
  <nestedLevel>1</nestedLevel>
</record>
<record>
  <date>2020-06-16T23:09:34</date>
  <millis>1592323774163</millis>
  <sequence>184</sequence>
  <level>END</level>
  <class>com.kms.katalon.core.logging.XmlKeywordLogger</class>
  <method>endKeyword</method>
  <thread>1</thread>
  <message>End action : click(findTestObject(\&amp;quot;Page_DBDCompanies/Created By1\&amp;quot;))</message>
  <nestedLevel>1</nestedLevel>
</record>
<record>
  <date>2020-06-16T23:09:34</date>
  <millis>1592323774163</millis>
  <sequence>185</sequence>
  <level>START</level>
  <class>com.kms.katalon.core.logging.XmlKeywordLogger</class>
  <method>startKeyword</method>
  <thread>1</thread>
  <message>Start action : setText(findTestObject(\&amp;quot;Page_DBDCompanies/input Created By New\&amp;quot;), findTestData(\&amp;quot;DBD Test Data/D2\&amp;quot;).getValue(4, 1))</message>
  <nestedLevel>1</nestedLevel>
  <property name="startLine">33</property>
  <property name="stepIndex">8</property>
</record>
<record>
  <date>2020-06-16T23:09:35</date>
  <millis>1592323775105</millis>
  <sequence>204</sequence>
  <level>PASSED</level>
  <class>com.kms.katalon.core.logging.XmlKeywordLogger</class>
  <method>logMessage</method>
  <thread>1</thread>
  <message>Text &amp;apos;PIS System&amp;apos; is set on object &amp;apos;Object Repository/Page_DBDCompanies/input Created By New&amp;apos;</message>
  <nestedLevel>1</nestedLevel>
</record>
<record>
  <date>2020-06-16T23:09:35</date>
  <millis>1592323775105</millis>
  <sequence>205</sequence>
  <level>END</level>
  <class>com.kms.katalon.core.logging.XmlKeywordLogger</class>
  <method>endKeyword</method>
  <thread>1</thread>
  <message>End action : setText(findTestObject(\&amp;quot;Page_DBDCompanies/input Created By New\&amp;quot;), findTestData(\&amp;quot;DBD Test Data/D2\&amp;quot;).getValue(4, 1))</message>
  <nestedLevel>1</nestedLevel>
</record>
<record>
  <date>2020-06-16T23:09:35</date>
  <millis>1592323775105</millis>
  <sequence>206</sequence>
  <level>START</level>
  <class>com.kms.katalon.core.logging.XmlKeywordLogger</class>
  <method>startKeyword</method>
  <thread>1</thread>
  <message>Start action : sendKeys(findTestObject(\&amp;quot;Page_DBDCompanies/input Created By New\&amp;quot;), Keys.chord(ENTER))</message>
  <nestedLevel>1</nestedLevel>
  <property name="startLine">35</property>
  <property name="stepIndex">9</property>
</record>
<record>
  <date>2020-06-16T23:09:35</date>
  <millis>1592323775638</millis>
  <sequence>214</sequence>
  <level>PASSED</level>
  <class>com.kms.katalon.core.logging.XmlKeywordLogger</class>
  <method>logMessage</method>
  <thread>1</thread>
  <message>Keys &amp;apos;ENTER + &amp;apos; sent to object: &amp;apos;Object Repository/Page_DBDCompanies/input Created By New&amp;apos;</message>
  <nestedLevel>1</nestedLevel>
</record>
<record>
  <date>2020-06-16T23:09:35</date>
  <millis>1592323775639</millis>
  <sequence>215</sequence>
  <level>END</level>
  <class>com.kms.katalon.core.logging.XmlKeywordLogger</class>
  <method>endKeyword</method>
  <thread>1</thread>
  <message>End action : sendKeys(findTestObject(\&amp;quot;Page_DBDCompanies/input Created By New\&amp;quot;), Keys.chord(ENTER))</message>
  <nestedLevel>1</nestedLevel>
</record>
<record>
  <date>2020-06-16T23:09:35</date>
  <millis>1592323775639</millis>
  <sequence>216</sequence>
  <level>START</level>
  <class>com.kms.katalon.core.logging.XmlKeywordLogger</class>
  <method>startKeyword</method>
  <thread>1</thread>
  <message>Start action : click(findTestObject(\&amp;quot;Page_DBDCompanies/button_Save\&amp;quot;))</message>
  <nestedLevel>1</nestedLevel>
  <property name="startLine">37</property>
  <property name="stepIndex">10</property>
</record>
<record>
  <date>2020-06-16T23:09:37</date>
  <millis>1592323777031</millis>
  <sequence>225</sequence>
  <level>PASSED</level>
  <class>com.kms.katalon.core.logging.XmlKeywordLogger</class>
  <method>logMessage</method>
  <thread>1</thread>
  <message>Object: &amp;apos;Object Repository/Page_DBDCompanies/button_Save&amp;apos; is clicked on</message>
  <nestedLevel>1</nestedLevel>
</record>
<record>
  <date>2020-06-16T23:09:37</date>
  <millis>1592323777032</millis>
  <sequence>226</sequence>
  <level>END</level>
  <class>com.kms.katalon.core.logging.XmlKeywordLogger</class>
  <method>endKeyword</method>
  <thread>1</thread>
  <message>End action : click(findTestObject(\&amp;quot;Page_DBDCompanies/button_Save\&amp;quot;))</message>
  <nestedLevel>1</nestedLevel>
</record>
<record>
  <date>2020-06-16T23:09:37</date>
  <millis>1592323777032</millis>
  <sequence>227</sequence>
  <level>PASSED</level>
  <class>com.kms.katalon.core.logging.XmlKeywordLogger</class>
  <method>logMessage</method>
  <thread>1</thread>
  <message>Test Cases/DBD Test Case/2</message>
  <nestedLevel>1</nestedLevel>
</record>
<record>
  <date>2020-06-16T23:09:37</date>
  <millis>1592323777033</millis>
  <sequence>228</sequence>
  <level>END</level>
  <class>com.kms.katalon.core.logging.XmlKeywordLogger</class>
  <method>endTest</method>
  <thread>1</thread>
  <message>End Test Case : Test Cases/DBD Test Case/2</message>
  <nestedLevel>0</nestedLevel>
</record>
<record>
  <date>2020-06-16T23:09:37</date>
  <millis>1592323777704</millis>
  <sequence>229</sequence>
  <level>END</level>
  <class>com.kms.katalon.core.logging.XmlKeywordLogger</class>
  <method>endSuite</method>
  <thread>1</thread>
  <message>End Test Suite : Test Suites/DBD Usecase/Usecase1</message>
  <nestedLevel>0</nestedLevel>
</record>
</log>
